<?xml version="1.0" encoding="UTF-8"?>
<!-- Generated by org.testng.reporters.JUnitReportReporter -->
<testsuite skipped="0" hostname="DESKTOP-2S5GRH2" name="Runner.TestRunner" tests="1" failures="0" timestamp="21 Sep 2019 15:29:22 GMT" time="28.506" errors="0">
  <testcase name="feature" time="28.506" classname="Runner.TestRunner"/>
</testsuite> <!-- Runner.TestRunner -->
