<?xml version="1.0" encoding="UTF-8"?>
<!-- Generated by org.testng.reporters.JUnitReportReporter -->
<testsuite skipped="0" hostname="DESKTOP-0AG0V8V" name="Runner.TestRunner" tests="1" failures="0" timestamp="03 Oct 2019 05:57:33 GMT" time="28.945" errors="0">
  <testcase name="feature" time="28.945" classname="Runner.TestRunner"/>
</testsuite> <!-- Runner.TestRunner -->
